app/build/outputs/logs/manifest-merger-release-report.txt
-- Merging decision tree log ---
manifest
ADDED from AndroidManifest.xml:19:1
	xmlns:android
		ADDED from AndroidManifest.xml:19:11
	package
		ADDED from AndroidManifest.xml:20:5
		INJECTED from AndroidManifest.xml:0:0
		INJECTED from AndroidManifest.xml:0:0
	android:versionName
		ADDED from AndroidManifest.xml:22:5
	android:versionCode
		ADDED from AndroidManifest.xml:21:5
		INJECTED from AndroidManifest.xml:0:0
		INJECTED from AndroidManifest.xml:0:0
uses-sdk
ADDED from AndroidManifest.xml:24:5
MERGED from com.android.support:appcompat-v7:21.0.3:15:5
MERGED from com.android.support:support-v4:21.0.3:15:5
MERGED from com.android.support:support-v4:21.0.3:15:5
	android:targetSdkVersion
		ADDED from AndroidManifest.xml:26:9
		INJECTED from AndroidManifest.xml:0:0
		INJECTED from AndroidManifest.xml:0:0
	android:minSdkVersion
		ADDED from AndroidManifest.xml:25:9
		INJECTED from AndroidManifest.xml:0:0
		INJECTED from AndroidManifest.xml:0:0
uses-permission#android.permission.ACCESS_LOCATION
ADDED from AndroidManifest.xml:28:5
	android:name
		ADDED from AndroidManifest.xml:28:22
uses-permission#android.permission.ACCESS_FINE_LOCATION
ADDED from AndroidManifest.xml:29:5
	android:name
		ADDED from AndroidManifest.xml:29:22
uses-permission#android.permission.WRITE_EXTERNAL_STORAGE
ADDED from AndroidManifest.xml:30:5
	android:name
		ADDED from AndroidManifest.xml:30:22
uses-permission#android.permission.INTERNET
ADDED from AndroidManifest.xml:31:5
	android:name
		ADDED from AndroidManifest.xml:31:22
uses-permission#android.permission.GET_TASKS
ADDED from AndroidManifest.xml:32:5
	android:name
		ADDED from AndroidManifest.xml:32:22
uses-permission#android.permission.WAKE_LOCK
ADDED from AndroidManifest.xml:33:5
	android:name
		ADDED from AndroidManifest.xml:33:22
uses-permission#android.permission.ACCESS_NETWORK_STATE
ADDED from AndroidManifest.xml:34:5
	android:name
		ADDED from AndroidManifest.xml:34:22
uses-permission#android.permission.RECEIVE_BOOT_COMPLETED
ADDED from AndroidManifest.xml:35:5
	android:name
		ADDED from AndroidManifest.xml:35:22
uses-permission#android.permission.VIBRATE
ADDED from AndroidManifest.xml:36:5
	android:name
		ADDED from AndroidManifest.xml:36:22
application
ADDED from AndroidManifest.xml:38:5
MERGED from com.android.support:appcompat-v7:21.0.3:16:5
MERGED from com.android.support:support-v4:21.0.3:16:5
MERGED from com.android.support:support-v4:21.0.3:16:5
	android:label
		ADDED from AndroidManifest.xml:41:9
	android:allowBackup
		ADDED from AndroidManifest.xml:39:9
	android:icon
		ADDED from AndroidManifest.xml:40:9
	android:theme
		ADDED from AndroidManifest.xml:42:9
	android:largeHeap
		ADDED from AndroidManifest.xml:43:9
	android:launchMode
		ADDED from AndroidManifest.xml:44:9
activity#org.spinsuite.login.Login
ADDED from AndroidManifest.xml:46:9
	android:label
		ADDED from AndroidManifest.xml:48:13
	android:configChanges
		ADDED from AndroidManifest.xml:49:13
	android:name
		ADDED from AndroidManifest.xml:47:13
intent-filter#android.intent.action.MAIN+android.intent.category.LAUNCHER
ADDED from AndroidManifest.xml:50:13
action#android.intent.action.MAIN
ADDED from AndroidManifest.xml:51:17
	android:name
		ADDED from AndroidManifest.xml:51:25
category#android.intent.category.LAUNCHER
ADDED from AndroidManifest.xml:53:17
	android:name
		ADDED from AndroidManifest.xml:53:27
activity#org.spinsuite.view.V_Preferences
ADDED from AndroidManifest.xml:57:9
	android:label
		ADDED from AndroidManifest.xml:57:67
	android:configChanges
		ADDED from AndroidManifest.xml:57:100
	android:name
		ADDED from AndroidManifest.xml:57:19
activity#org.spinsuite.view.LV_Menu
ADDED from AndroidManifest.xml:58:9
	android:label
		ADDED from AndroidManifest.xml:58:61
	android:configChanges
		ADDED from AndroidManifest.xml:58:94
	android:name
		ADDED from AndroidManifest.xml:58:19
activity#org.spinsuite.view.V_Synchronization
ADDED from AndroidManifest.xml:59:9
	android:label
		ADDED from AndroidManifest.xml:59:71
	android:configChanges
		ADDED from AndroidManifest.xml:59:104
	android:name
		ADDED from AndroidManifest.xml:59:19
activity#org.spinsuite.view.TV_Base
ADDED from AndroidManifest.xml:60:9
	android:label
		ADDED from AndroidManifest.xml:60:61
	android:configChanges
		ADDED from AndroidManifest.xml:60:94
	android:name
		ADDED from AndroidManifest.xml:60:19
activity#org.spinsuite.view.TV_DynamicActivity
ADDED from AndroidManifest.xml:61:9
	android:windowSoftInputMode
		ADDED from AndroidManifest.xml:64:13
	android:label
		ADDED from AndroidManifest.xml:62:13
	android:configChanges
		ADDED from AndroidManifest.xml:63:13
	android:name
		ADDED from AndroidManifest.xml:61:19
activity#org.spinsuite.view.V_StandardSearch
ADDED from AndroidManifest.xml:66:9
	android:label
		ADDED from AndroidManifest.xml:66:70
	android:configChanges
		ADDED from AndroidManifest.xml:66:103
	android:name
		ADDED from AndroidManifest.xml:66:19
activity#org.spinsuite.view.V_Process
ADDED from AndroidManifest.xml:67:9
	android:label
		ADDED from AndroidManifest.xml:67:63
	android:configChanges
		ADDED from AndroidManifest.xml:67:96
	android:name
		ADDED from AndroidManifest.xml:67:19
activity#org.spinsuite.view.V_AttachView
ADDED from AndroidManifest.xml:68:9
	android:label
		ADDED from AndroidManifest.xml:68:66
	android:configChanges
		ADDED from AndroidManifest.xml:68:99
	android:name
		ADDED from AndroidManifest.xml:68:19
activity#org.spinsuite.bchat.view.V_BChat
ADDED from AndroidManifest.xml:69:9
	android:label
		ADDED from AndroidManifest.xml:69:67
	android:configChanges
		ADDED from AndroidManifest.xml:69:100
	android:name
		ADDED from AndroidManifest.xml:69:19
activity#org.spinsuite.bchat.view.V_BChat_AddGroup
ADDED from AndroidManifest.xml:70:9
	android:label
		ADDED from AndroidManifest.xml:70:76
	android:configChanges
		ADDED from AndroidManifest.xml:70:109
	android:name
		ADDED from AndroidManifest.xml:70:19
service#org.spinsuite.sync.InitialLoadTask
ADDED from AndroidManifest.xml:72:9
	android:name
		ADDED from AndroidManifest.xml:72:18
service#org.spinsuite.sync.SyncService
ADDED from AndroidManifest.xml:73:9
	android:name
		ADDED from AndroidManifest.xml:73:18
service#org.eclipse.paho.android.service.MqttService
ADDED from AndroidManifest.xml:75:9
	android:name
		ADDED from AndroidManifest.xml:75:18
service#org.spinsuite.mqtt.connection.MQTTSyncService
ADDED from AndroidManifest.xml:77:9
	android:name
		ADDED from AndroidManifest.xml:77:18
receiver#org.spinsuite.mqtt.connection.MQTTBootReceiver
ADDED from AndroidManifest.xml:79:9
	android:name
		ADDED from AndroidManifest.xml:79:19
intent-filter#android.intent.action.BOOT_COMPLETED+android.intent.action.QUICKBOOT_POWERON+android.net.conn.CONNECTIVITY_CHANGE
ADDED from AndroidManifest.xml:80:8
action#android.intent.action.BOOT_COMPLETED
ADDED from AndroidManifest.xml:81:11
	android:name
		ADDED from AndroidManifest.xml:81:19
action#android.intent.action.QUICKBOOT_POWERON
ADDED from AndroidManifest.xml:82:11
	android:name
		ADDED from AndroidManifest.xml:82:19
action#android.net.conn.CONNECTIVITY_CHANGE
ADDED from AndroidManifest.xml:83:11
	android:name
		ADDED from AndroidManifest.xml:83:19
receiver#org.spinsuite.mqtt.connection.MQTTNetworkReceiver
ADDED from AndroidManifest.xml:87:9
	android:name
		ADDED from AndroidManifest.xml:87:19
intent-filter#android.net.conn.CONNECTIVITY_CHANGE
ADDED from AndroidManifest.xml:88:8